<?xml version="1.0" encoding="UTF-8"?>
<!-- Generated by org.testng.reporters.JUnitReportReporter -->
<testsuite skipped="0" hostname="Mano" name="runner.TestRunner" tests="4" failures="0" timestamp="21 Mar 2021 04:06:48 GMT" time="226.063" errors="0">
  <testcase name="runScenario" time="53.833" classname="runner.TestRunner"/>
  <testcase name="runScenario" time="53.833" classname="runner.TestRunner"/>
  <testcase name="runScenario" time="64.564" classname="runner.TestRunner"/>
  <testcase name="runScenario" time="53.833" classname="runner.TestRunner"/>
</testsuite> <!-- runner.TestRunner -->
